<?xml version="1.0" encoding="UTF-8"?>
<!-- Generated by org.testng.reporters.JUnitReportReporter -->
<testsuite hostname="Kvrdy28" failures="0" tests="2" name="practice.AnnotationsTest" time="0.011" errors="0" timestamp="2024-02-22T12:34:37 IST" skipped="0">
  <testcase classname="practice.AnnotationsTest" name="test2" time="0.002"/>
  <system-out/>
  <testcase classname="practice.AnnotationsTest" name="test" time="0.009"/>
  <system-out/>
</testsuite> <!-- practice.AnnotationsTest -->
