<?xml version="1.0" encoding="UTF-8"?>
<!-- Generated by org.testng.reporters.JUnitReportReporter -->
<testsuite hostname="Kvrdy28" failures="0" tests="6" name="test.day1" time="0.031" errors="0" timestamp="2024-02-21T19:19:36 IST" skipped="0">
  <testcase classname="test.day1" name="Demo" time="0.002"/>
  <system-out/>
  <testcase classname="test.day1" name="Demo" time="0.003"/>
  <system-out/>
  <testcase classname="test.day1" name="Demo" time="0.019"/>
  <system-out/>
  <testcase classname="test.day1" name="Demo" time="0.003"/>
  <system-out/>
  <testcase classname="test.day1" name="Demo" time="0.002"/>
  <system-out/>
  <testcase classname="test.day1" name="SecondTest" time="0.002"/>
  <system-out/>
</testsuite> <!-- test.day1 -->
