<?xml version="1.0" encoding="UTF-8"?>
<!-- Generated by org.testng.reporters.JUnitReportReporter -->
<testsuite hostname="Kvrdy28" failures="0" tests="4" name="myTest1.Day2" time="0.022" errors="0" timestamp="2023-11-30T11:41:49 IST" skipped="0">
  <testcase classname="myTest1.Day2" name="apiRegression2" time="0.004"/>
  <system-out/>
  <testcase classname="myTest1.Day2" name="apiTest2" time="0.002"/>
  <system-out/>
  <testcase classname="myTest1.Day2" name="apiRegression1" time="0.014"/>
  <system-out/>
  <testcase classname="myTest1.Day2" name="apiTest1" time="0.002"/>
  <system-out/>
</testsuite> <!-- myTest1.Day2 -->
