<?xml version="1.0" encoding="UTF-8"?>
<!-- Generated by org.testng.reporters.JUnitReportReporter -->
<testsuite hostname="Kvrdy28" failures="0" tests="2" name="practice.firsttestngfile" time="6.246" errors="0" timestamp="2024-02-21T20:47:34 IST" skipped="0">
  <testcase classname="practice.firsttestngfile" name="register" time="3.374"/>
  <system-out/>
  <testcase classname="practice.firsttestngfile" name="support" time="2.872"/>
  <system-out/>
</testsuite> <!-- practice.firsttestngfile -->
