<?xml version="1.0" encoding="UTF-8"?>
<!-- Generated by org.testng.reporters.JUnitReportReporter -->
<testsuite hostname="Kvrdy28" failures="0" tests="6" name="test.day3" time="0.048" errors="0" timestamp="2024-02-01T11:19:55 IST" skipped="1">
  <testcase classname="test.day3" name="MobilesignoutcarLoan" time="0.007"/>
  <system-out/>
  <testcase classname="test.day3" name="MobilesignoutcarLoan" time="0.013"/>
  <system-out/>
  <testcase classname="test.day3" name="MobilesignoutcarLoan" time="0.003"/>
  <system-out/>
  <testcase classname="test.day3" name="WebloginCarLoan" time="0.008"/>
  <system-out/>
  <testcase classname="test.day3" name="MobileLogincarLoan" time="0.017"/>
  <system-out/>
  <testcase classname="test.day3" name="MobilesignimcarLoan">
    <skipped/>
  </testcase> <!-- MobilesignimcarLoan -->
  <system-out/>
</testsuite> <!-- test.day3 -->
