<?xml version="1.0" encoding="UTF-8"?>
<!-- Generated by org.testng.reporters.JUnitReportReporter -->
<testsuite hostname="Kvrdy28" failures="0" tests="3" name="myTest1.Day3" time="0.011" errors="0" timestamp="2023-11-30T11:41:49 IST" skipped="0">
  <testcase classname="myTest1.Day3" name="mobileReg" time="0.004"/>
  <system-out/>
  <testcase classname="myTest1.Day3" name="printMe" time="0.004"/>
  <system-out/>
  <testcase classname="myTest1.Day3" name="mobileTest" time="0.003"/>
  <system-out/>
</testsuite> <!-- myTest1.Day3 -->
